<?xml version="1.0" encoding="UTF-8"?>
<!-- Generated by org.testng.reporters.JUnitReportReporter -->
<testsuite skipped="0" hostname="Digisol" name="com.practicePackage.NewTest" tests="3" failures="0" timestamp="2023-01-26T10:41:00 IST" time="0.011" errors="0">
  <testcase name="xyz" time="0.006" classname="com.practicePackage.NewTest"/>
  <system-out/>
  <testcase name="newTest" time="0.002" classname="com.practicePackage.NewTest"/>
  <system-out/>
  <testcase name="newTest2" time="0.003" classname="com.practicePackage.NewTest"/>
  <system-out/>
</testsuite> <!-- com.practicePackage.NewTest -->
