<?xml version="1.0" encoding="UTF-8"?>
<!-- Generated by org.testng.reporters.JUnitReportReporter -->
<testsuite skipped="0" hostname="Digisol" name="com.practicePackage.CreateTest" tests="2" failures="0" timestamp="2023-01-19T12:57:33 IST" time="0.026" errors="0">
  <testcase name="create" time="0.024" classname="com.practicePackage.CreateTest"/>
  <system-out/>
  <testcase name="login" time="0.002" classname="com.practicePackage.CreateTest"/>
  <system-out/>
</testsuite> <!-- com.practicePackage.CreateTest -->
