<?xml version="1.0" encoding="UTF-8"?>
<!-- Generated by org.testng.reporters.JUnitReportReporter -->
<testsuite skipped="0" hostname="Digisol" name="com.practicePackage.Update" tests="2" failures="0" timestamp="2023-01-26T10:41:00 IST" time="0.004" errors="0">
  <testcase name="logout" time="0.002" classname="com.practicePackage.Update"/>
  <system-out/>
  <testcase name="updateTest" time="0.002" classname="com.practicePackage.Update"/>
  <system-out/>
</testsuite> <!-- com.practicePackage.Update -->
