<?xml version="1.0" encoding="UTF-8"?>
<!-- Generated by org.testng.reporters.JUnitReportReporter -->
<testsuite skipped="0" hostname="Digisol" name="com.practicePackage.UpdateTest" tests="1" failures="0" timestamp="2023-01-18T10:34:39 IST" time="0.000" errors="0">
  <testcase name="updateTest" time="0.000" classname="com.practicePackage.UpdateTest"/>
  <system-out/>
</testsuite> <!-- com.practicePackage.UpdateTest -->
