<?xml version="1.0" encoding="UTF-8"?>
<!-- Generated by org.testng.reporters.JUnitReportReporter -->
<testsuite skipped="0" hostname="Digisol" name="com.practicePackage.CMDExecution" tests="1" failures="0" timestamp="2023-01-18T13:04:15 IST" time="0.016" errors="0">
  <testcase name="test" time="0.016" classname="com.practicePackage.CMDExecution"/>
  <system-out/>
</testsuite> <!-- com.practicePackage.CMDExecution -->
