<?xml version="1.0" encoding="UTF-8"?>
<!-- Generated by org.testng.reporters.JUnitReportReporter -->
<testsuite skipped="0" hostname="Digisol" name="com.practicePackage.CreateTest" tests="2" failures="0" timestamp="2023-01-26T10:41:00 IST" time="0.029" errors="0">
  <testcase name="create" time="0.014" classname="com.practicePackage.CreateTest"/>
  <system-out/>
  <testcase name="login" time="0.015" classname="com.practicePackage.CreateTest"/>
  <system-out/>
</testsuite> <!-- com.practicePackage.CreateTest -->
