<?xml version="1.0" encoding="UTF-8"?>
<!-- Generated by org.testng.reporters.JUnitReportReporter -->
<testsuite skipped="0" hostname="Digisol" name="com.practicePackage.DeleteTest" tests="1" failures="0" timestamp="2023-01-18T10:34:39 IST" time="0.025" errors="0">
  <testcase name="deleteTest" time="0.025" classname="com.practicePackage.DeleteTest"/>
  <system-out/>
</testsuite> <!-- com.practicePackage.DeleteTest -->
