<?xml version="1.0" encoding="UTF-8"?>
<!-- Generated by org.testng.reporters.JUnitReportReporter -->
<testsuite skipped="0" hostname="Digisol" name="com.practicePackage.ManageAnimalsTest" tests="1" failures="0" timestamp="2023-01-26T10:41:00 IST" time="0.003" errors="0">
  <testcase name="manageAnimals" time="0.003" classname="com.practicePackage.ManageAnimalsTest"/>
  <system-out/>
</testsuite> <!-- com.practicePackage.ManageAnimalsTest -->
